executive_order_id	pdf_url	citation	start_page	end_page	title	signing_date	publication_date	president
14161	https://www.govinfo.gov/content/pkg/FR-2025-01-30/pdf/2025-02009.pdf	90 FR 8451	8451	8453	Protecting the United States From Foreign Terrorists and Other National Security and Public Safety T	2025-01-20	2025-01-30	Donald Trump
14162	https://www.govinfo.gov/content/pkg/FR-2025-01-30/pdf/2025-02010.pdf	90 FR 8455	8455	8457	Putting America First in International Environmental Agreements	2025-01-20	2025-01-30	Donald Trump
14163	https://www.govinfo.gov/content/pkg/FR-2025-01-30/pdf/2025-02011.pdf	90 FR 8459	8459	8461	Realigning the United States Refugee Admissions Program	2025-01-20	2025-01-30	Donald Trump
14164	https://www.govinfo.gov/content/pkg/FR-2025-01-30/pdf/2025-02012.pdf	90 FR 8463	8463	8465	Restoring the Death Penalty and Protecting Public Safety	2025-01-20	2025-01-30	Donald Trump
14165	https://www.govinfo.gov/content/pkg/FR-2025-01-30/pdf/2025-02015.pdf	90 FR 8467	8467	8469	Securing Our Borders	2025-01-20	2025-01-30	Donald Trump
14166	https://www.govinfo.gov/content/pkg/FR-2025-01-30/pdf/2025-02087.pdf	90 FR 8611	8611	8612	Application of Protecting Americans From Foreign Adversary Controlled Applications Act to TikTok	2025-01-20	2025-01-30	Donald Trump
14167	https://www.govinfo.gov/content/pkg/FR-2025-01-30/pdf/2025-02089.pdf	90 FR 8613	8613	8614	Clarifying the Military's Role in Protecting the Territorial Integrity of the United States	2025-01-20	2025-01-30	Donald Trump
14169	https://www.govinfo.gov/content/pkg/FR-2025-01-30/pdf/2025-02091.pdf	90 FR 8619	8619	8620	Reevaluating and Realigning United States Foreign Aid	2025-01-20	2025-01-30	Donald Trump
14171	https://www.govinfo.gov/content/pkg/FR-2025-01-31/pdf/2025-02095.pdf	90 FR 8625	8625	8627	Restoring Accountability to Policy-Influencing Positions Within the Federal Workforce	2025-01-20	2025-01-31	Donald Trump
14172	https://www.govinfo.gov/content/pkg/FR-2025-01-31/pdf/2025-02096.pdf	90 FR 8629	8629	8631	Restoring Names That Honor American Greatness	2025-01-20	2025-01-31	Donald Trump
14173	https://www.govinfo.gov/content/pkg/FR-2025-01-31/pdf/2025-02097.pdf	90 FR 8633	8633	8636	Ending Illegal Discrimination and Restoring Merit-Based Opportunity	2025-01-21	2025-01-31	Donald Trump
14174	https://www.govinfo.gov/content/pkg/FR-2025-01-31/pdf/2025-02098.pdf	90 FR 8637	8637	8637	Revocation of Certain Executive Orders	2025-01-21	2025-01-31	Donald Trump
14175	https://www.govinfo.gov/content/pkg/FR-2025-01-31/pdf/2025-02103.pdf	90 FR 8639	8639	8640	Designation of Ansar Allah as a Foreign Terrorist Organization	2025-01-22	2025-01-31	Donald Trump
14176	https://www.govinfo.gov/content/pkg/FR-2025-01-31/pdf/2025-02116.pdf	90 FR 8641	8641	8642	Declassification of Records Concerning the Assassinations of President John F. Kennedy, Senator Robe	2025-01-23	2025-01-31	Donald Trump
14177	https://www.govinfo.gov/content/pkg/FR-2025-01-31/pdf/2025-02121.pdf	90 FR 8643	8643	8645	President's Council of Advisors on Science and Technology	2025-01-23	2025-01-31	Donald Trump
14178	https://www.govinfo.gov/content/pkg/FR-2025-01-31/pdf/2025-02123.pdf	90 FR 8647	8647	8650	Strengthening American Leadership in Digital Financial Technology	2025-01-23	2025-01-31	Donald Trump
14179	https://www.govinfo.gov/content/pkg/FR-2025-01-31/pdf/2025-02172.pdf	90 FR 8741	8741	8742	Removing Barriers to American Leadership in Artificial Intelligence	2025-01-23	2025-01-31	Donald Trump
14180	https://www.govinfo.gov/content/pkg/FR-2025-01-31/pdf/2025-02173.pdf	90 FR 8743	8743	8745	Council To Assess the Federal Emergency Management Agency	2025-01-24	2025-01-31	Donald Trump
14181	https://www.govinfo.gov/content/pkg/FR-2025-01-31/pdf/2025-02174.pdf	90 FR 8747	8747	8750	Emergency Measures To Provide Water Resources in California and Improve Disaster Response in Certain	2025-01-24	2025-01-31	Donald Trump
14182	https://www.govinfo.gov/content/pkg/FR-2025-01-31/pdf/2025-02175.pdf	90 FR 8751	8751	8752	Enforcing the Hyde Amendment	2025-01-24	2025-01-31	Donald Trump
14183	https://www.govinfo.gov/content/pkg/FR-2025-02-03/pdf/2025-02178.pdf	90 FR 8757	8757	8759	Prioritizing Military Excellence and Readiness	2025-01-27	2025-02-03	Donald Trump
14184	https://www.govinfo.gov/content/pkg/FR-2025-02-03/pdf/2025-02180.pdf	90 FR 8761	8761	8762	Reinstating Service Members Discharged Under the Military's COVID-19 Vaccination Mandate	2025-01-27	2025-02-03	Donald Trump
14185	https://www.govinfo.gov/content/pkg/FR-2025-02-03/pdf/2025-02181.pdf	90 FR 8763	8763	8765	Restoring America's Fighting Force	2025-01-27	2025-02-03	Donald Trump
14186	https://www.govinfo.gov/content/pkg/FR-2025-02-03/pdf/2025-02182.pdf	90 FR 8767	8767	8769	The Iron Dome for America	2025-01-27	2025-02-03	Donald Trump
14187	https://www.govinfo.gov/content/pkg/FR-2025-02-03/pdf/2025-02194.pdf	90 FR 8771	8771	8773	Protecting Children From Chemical and Surgical Mutilation	2025-01-28	2025-02-03	Donald Trump
14188	https://www.govinfo.gov/content/pkg/FR-2025-02-03/pdf/2025-02230.pdf	90 FR 8847	8847	8848	Additional Measures To Combat Anti-Semitism	2025-01-29	2025-02-03	Donald Trump
14189	https://www.govinfo.gov/content/pkg/FR-2025-02-03/pdf/2025-02231.pdf	90 FR 8849	8849	8851	Celebrating America's 250th Birthday	2025-01-29	2025-02-03	Donald Trump
14190	https://www.govinfo.gov/content/pkg/FR-2025-02-03/pdf/2025-02232.pdf	90 FR 8853	8853	8857	Ending Radical Indoctrination in K-12 Schooling	2025-01-29	2025-02-03	Donald Trump
14191	https://www.govinfo.gov/content/pkg/FR-2025-02-03/pdf/2025-02233.pdf	90 FR 8859	8859	8860	Expanding Educational Freedom and Opportunity for Families	2025-01-29	2025-02-03	Donald Trump
14192	https://www.govinfo.gov/content/pkg/FR-2025-02-06/pdf/2025-02345.pdf	90 FR 9065	9065	9067	Unleashing Prosperity Through Deregulation	2025-01-31	2025-02-06	Donald Trump
14193	https://www.govinfo.gov/content/pkg/FR-2025-02-07/pdf/2025-02406.pdf	90 FR 9113	9113	9116	Imposing Duties To Address the Flow of Illicit Drugs Across Our Northern Border	2025-02-01	2025-02-07	Donald Trump
14194	https://www.govinfo.gov/content/pkg/FR-2025-02-07/pdf/2025-02407.pdf	90 FR 9117	9117	9120	Imposing Duties To Address the Situation at Our Southern Border	2025-02-01	2025-02-07	Donald Trump
14195	https://www.govinfo.gov/content/pkg/FR-2025-02-07/pdf/2025-02408.pdf	90 FR 9121	9121	9124	Imposing Duties To Address the Synthetic Opioid Supply Chain in the People's Republic of China	2025-02-01	2025-02-07	Donald Trump
