+--------------------+------+------------+----------+----------------------+--------------+------------------+--------------+
| executive_order_id | url  | start_page | end_page | title                | signing_date | publication_date | president    |
+--------------------+------+------------+----------+----------------------+--------------+------------------+--------------+
|                  1 |      |       1000 |     1001 | USA and Canada Stuff | 2025-02-04   | 2025-02-04       | Donald Trump |
+--------------------+------+------------+----------+----------------------+--------------+------------------+--------------+
1 row in set (0.00 sec)

+-----+-------+----------+----------+---------+---------------+--------------------+--------+-----------------------+---------------+---------------------+------------+
| uid | name  | username | location | role    | password_hash | email              | gender | account_creation_date | date_of_birth | profile_picture_url | bio        |
+-----+-------+----------+----------+---------+---------------+--------------------+--------+-----------------------+---------------+---------------------+------------+
|   1 | Alice | a1ic3    | Waterloo | regular | 1/ZV7Co3<r    | alice@uwaterloo.ca | Female | 2025-02-05 20:28:30   | 1998-07-01    |                     | i am alice |
|   2 | Bob   | b0b      | Toronto  | regular | 12m^D7dX/O    | bobby@uwaterloo.ca | Male   | 2025-02-06 13:20:15   | 2002-09-16    |                     | i am bob   |
+-----+-------+----------+----------+---------+---------------+--------------------+--------+-----------------------+---------------+---------------------+------------+
2 rows in set (0.00 sec)

+-----+-----+--------------------+------------------------------+---------+-----------+---------------------+
| cid | uid | executive_order_id | message                      | upvotes | downvotes | timestamp           |
+-----+-----+--------------------+------------------------------+---------+-----------+---------------------+
|   1 |   1 |                  1 | yay no tariffs               |       1 |         0 | 2025-02-05 21:14:41 |
|   2 |   1 |                  1 | justin trudeau for president |       0 |         1 | 2025-02-05 23:02:04 |
|   3 |   2 |                  1 | DOGE such wow                |       0 |         0 | 2025-02-06 00:00:00 |
+-----+-----+--------------------+------------------------------+---------+-----------+---------------------+
3 rows in set (0.00 sec)

+-----+-----+-----------+
| uid | cid | is_upvote |
+-----+-----+-----------+
|   2 |   1 |         1 |
|   2 |   2 |         0 |
+-----+-----+-----------+
2 rows in set (0.01 sec)