uid	name	username	location	role	password_hash	email	gender	account_creation_date	date_of_birth	profile_picture_url	bio
2	Bob	b0b	Toronto	regular	12m^D7dX/O	bobby@uwaterloo.ca	Male	2025-02-06 13:20:15	2002-09-16		i am bob
3	Carol	c4r0l	Ottawa	regular	P@ssw0rd3	carol@uwaterloo.ca	Female	2025-02-06 10:00:00	1995-04-15		i am carol
4	Dave	d4v3	Montreal	regular	D4v3Hash!	dave@uwaterloo.ca	Male	2025-02-06 11:30:00	1990-12-01		i am dave
5	Eve	eve	Vancouver	regular	Ev3Secure	eve@uwaterloo.ca	Female	2025-02-07 09:45:00	1992-05-22		i am eve
6	Frank	frankie	Calgary	regular	Fr4nkHash	frank@uwaterloo.ca	Male	2025-02-07 14:15:00	1988-03-10		i am frank
7	Grace	grace	Edmonton	regular	Gr4ceHash	grace@uwaterloo.ca	Female	2025-02-08 08:20:00	1995-11-30		i am grace
8	Heidi	h3idi	Winnipeg	regular	H3idiHash	heidi@uwaterloo.ca	Female	2025-02-08 17:00:00	1991-02-14		i am heidi
9	Ivan	ivan9	Quebec City	regular	Iv4nHash	ivan@uwaterloo.ca	Male	2025-02-09 12:00:00	1985-07-07		i am ivan
10	Judy	judy	Hamilton	regular	JudySecure	judy@uwaterloo.ca	Female	2025-02-09 15:45:00	1994-08-25		i am judy
11	Kevin	kev1n	Kitchener	regular	KevHash	kevin@uwaterloo.ca	Male	2025-02-10 09:00:00	1987-06-18		i am kevin
12	Laura	l4ur4	London	regular	L4ur4Hash	laura@uwaterloo.ca	Female	2025-02-10 10:30:00	1993-09-10		i am laura
13	Mike	mike	Ottawa	regular	M1k3Hash	mike@uwaterloo.ca	Male	2025-02-10 12:15:00	1990-01-20		i am mike
14	Nina	n1na	Calgary	regular	N1naHash	nina@uwaterloo.ca	Female	2025-02-10 13:00:00	1992-03-30		i am nina
15	Oliver	oliv3r	Toronto	regular	Ol1vHash	oliver@uwaterloo.ca	Male	2025-02-10 14:45:00	1989-11-11		i am oliver
16	Peggy	peggy	Vancouver	regular	P3ggyHash	peggy@uwaterloo.ca	Female	2025-02-10 16:30:00	1994-04-04		i am peggy
17	Quentin	qu3ntin	Montreal	regular	Qu3ntHash	quentin@uwaterloo.ca	Male	2025-02-10 18:00:00	1986-12-12		i am quentin
18	Rachel	rachel	Winnipeg	regular	R4ch3lHash	rachel@uwaterloo.ca	Female	2025-02-10 19:30:00	1991-07-19		i am rachel
19	Steve	steve	Hamilton	regular	St3veHash	steve@uwaterloo.ca	Male	2025-02-10 20:45:00	1988-10-10		i am steve
20	Trudy	trudy	Quebec City	regular	TruDyHash	trudy@uwaterloo.ca	Female	2025-02-10 22:00:00	1995-05-05		i am trudy

cid	uid	executive_order_id	message	timestamp
3	3	14195	This order will strengthen our borders.	2025-02-06 08:15:30
4	4	14192	Deregulation is key to prosperity.	2025-02-06 09:00:00
5	5	14184	Reinstating service members is a win.	2025-02-06 10:20:15
6	6	14186	The Iron Dome for America sounds promising.	2025-02-06 11:45:00
7	7	14187	Protecting children is our priority.	2025-02-06 12:30:00
8	8	14191	Expanding educational freedom is vital.	2025-02-06 13:15:00
9	9	14190	Ending radical indoctrination in schools is necessary.	2025-02-06 14:05:00
10	10	14183	Military excellence should be a national focus.	2025-02-06 15:30:00
11	11	14185	Restoring America's fighting force is commendable.	2025-02-06 16:00:00
12	12	14065	Sanctions are necessary to protect national security.	2025-02-07 10:00:00
13	13	14064	Protecting property for Afghan people is a bold step.	2025-02-07 10:30:00
14	14	14063	Project labor agreements could impact construction costs.	2025-02-07 11:00:00
15	15	14062	Amendments to the Manual for Courts-Martial seem overdue.	2025-02-07 11:30:00
16	16	14061	Adjustments of pay rates will boost morale.	2025-02-07 12:00:00
17	17	14060	The new council on transnational crime is a step in the right direction.	2025-02-07 12:30:00
18	18	14059	Sanctions on drug trade participants are crucial.	2025-02-07 13:00:00
19	19	14058	Improving federal customer service is long overdue.	2025-02-07 13:30:00
20	20	14057	Clean energy initiatives are essential for our future.	2025-02-07 14:00:00
69	7	14195	This order will NOT strengthen our borders.	2025-02-06 08:05:30

uid	cid	is_upvote
3	3	1
3	69	0
4	3	1
4	4	1
5	3	1
5	5	0
5	69	0
6	3	1
6	6	1
7	7	1
8	8	0
8	69	0
9	9	1
10	10	1
11	11	0
12	12	1
13	13	1
14	14	0
15	15	1
16	16	1
17	17	0
18	18	1
19	19	0
20	20	1
